2019-07-05 11:11:28,608  INFO [main] LoginTest:38 - Title is displayed
2019-07-05 11:11:48,511  INFO [main] LoginTest:45 - Logo is displayed
2019-07-05 11:33:12,955  INFO [main] LoginTest:25 - Launching chrome browser
2019-07-05 11:33:21,777  INFO [main] LoginTest:31 - Entering application url
2019-07-05 11:33:21,778  WARN [main] LoginTest:32 - This is just a warning message
2019-07-05 11:33:21,779 DEBUG [main] LoginTest:33 - This is debug message
2019-07-05 11:33:21,813  INFO [main] LoginTest:41 - Title is displayed
2019-07-05 11:33:26,916  INFO [main] LoginTest:25 - Launching chrome browser
2019-07-05 11:33:34,460  INFO [main] LoginTest:31 - Entering application url
2019-07-05 11:33:34,461  WARN [main] LoginTest:32 - This is just a warning message
2019-07-05 11:33:34,463 DEBUG [main] LoginTest:33 - This is debug message
2019-07-05 11:33:34,573  INFO [main] LoginTest:48 - Logo is displayed
2019-07-05 12:57:45,684  INFO [main] LoginTest:25 - Launching chrome browser
2019-07-05 12:57:53,672  INFO [main] LoginTest:31 - Entering application url
2019-07-05 12:57:53,673  WARN [main] LoginTest:32 - This is just a warning message
2019-07-05 12:57:53,674 DEBUG [main] LoginTest:33 - This is debug message
2019-07-05 12:57:53,680  INFO [main] LoginTest:39 - ******************Free CRM TEST******************
2019-07-05 12:57:53,686  INFO [main] LoginTest:42 - Title is displayed
2019-07-05 12:57:57,223  INFO [main] LoginTest:25 - Launching chrome browser
2019-07-05 12:58:04,903  INFO [main] LoginTest:31 - Entering application url
2019-07-05 12:58:04,904  WARN [main] LoginTest:32 - This is just a warning message
2019-07-05 12:58:04,904 DEBUG [main] LoginTest:33 - This is debug message
2019-07-05 12:58:04,975  INFO [main] LoginTest:49 - Logo is displayed
2019-08-19 14:17:17,380  INFO [main] LoginTest:25 - Launching chrome browser
2019-08-19 14:17:24,854  INFO [main] LoginTest:31 - Entering application url
2019-08-19 14:17:24,854  WARN [main] LoginTest:32 - This is just a warning message
2019-08-19 14:17:24,855 DEBUG [main] LoginTest:33 - This is debug message
2019-08-19 14:17:24,861  INFO [main] LoginTest:39 - ******************Free CRM TEST******************
2019-08-19 14:17:24,867  INFO [main] LoginTest:42 - Title is displayed
2019-08-19 14:17:29,635  INFO [main] LoginTest:25 - Launching chrome browser
2019-08-19 14:17:36,072  INFO [main] LoginTest:31 - Entering application url
2019-08-19 14:17:36,073  WARN [main] LoginTest:32 - This is just a warning message
2019-08-19 14:17:36,073 DEBUG [main] LoginTest:33 - This is debug message
2019-08-19 14:17:36,156  INFO [main] LoginTest:49 - Logo is displayed
